  Generator.cpp
C:\Users\Ruca-WindowsX\Desktop\CG\tp1\Generator\Generator\Generator.cpp(14,16): warning C4244: 'initializing': conversion from 'double' to 'float', possible loss of data
C:\Users\Ruca-WindowsX\Desktop\CG\tp1\Generator\Generator\Generator.cpp(57,16): warning C4244: 'initializing': conversion from 'double' to 'float', possible loss of data
C:\Users\Ruca-WindowsX\Desktop\CG\tp1\Generator\Generator\Generator.cpp(58,16): warning C4244: 'initializing': conversion from 'double' to 'float', possible loss of data
C:\Users\Ruca-WindowsX\Desktop\CG\tp1\Generator\Generator\Generator.cpp(61,22): warning C4305: 'initializing': truncation from 'double' to 'float'
C:\Users\Ruca-WindowsX\Desktop\CG\tp1\Generator\Generator\Generator.cpp(305,28): warning C4244: 'argument': conversion from 'double' to 'float', possible loss of data
C:\Users\Ruca-WindowsX\Desktop\CG\tp1\Generator\Generator\Generator.cpp(305,13): warning C4244: 'argument': conversion from 'double' to 'float', possible loss of data
C:\Users\Ruca-WindowsX\Desktop\CG\tp1\Generator\Generator\Generator.cpp(310,42): warning C4244: 'argument': conversion from 'double' to 'float', possible loss of data
C:\Users\Ruca-WindowsX\Desktop\CG\tp1\Generator\Generator\Generator.cpp(310,27): warning C4244: 'argument': conversion from 'double' to 'float', possible loss of data
C:\Users\Ruca-WindowsX\Desktop\CG\tp1\Generator\Generator\Generator.cpp(310,12): warning C4244: 'argument': conversion from 'double' to 'float', possible loss of data
C:\Users\Ruca-WindowsX\Desktop\CG\tp1\Generator\Generator\Generator.cpp(313,42): warning C4244: 'argument': conversion from 'double' to 'float', possible loss of data
C:\Users\Ruca-WindowsX\Desktop\CG\tp1\Generator\Generator\Generator.cpp(313,27): warning C4244: 'argument': conversion from 'double' to 'float', possible loss of data
C:\Users\Ruca-WindowsX\Desktop\CG\tp1\Generator\Generator\Generator.cpp(313,12): warning C4244: 'argument': conversion from 'double' to 'float', possible loss of data
C:\Users\Ruca-WindowsX\Desktop\CG\tp1\Generator\Generator\Generator.cpp(318,44): warning C4244: 'argument': conversion from 'double' to 'int', possible loss of data
C:\Users\Ruca-WindowsX\Desktop\CG\tp1\Generator\Generator\Generator.cpp(318,29): warning C4244: 'argument': conversion from 'double' to 'int', possible loss of data
C:\Users\Ruca-WindowsX\Desktop\CG\tp1\Generator\Generator\Generator.cpp(318,14): warning C4244: 'argument': conversion from 'double' to 'float', possible loss of data
C:\Users\Ruca-WindowsX\Desktop\CG\tp1\Generator\Generator\Generator.cpp(322,57): warning C4244: 'argument': conversion from 'double' to 'int', possible loss of data
C:\Users\Ruca-WindowsX\Desktop\CG\tp1\Generator\Generator\Generator.cpp(322,42): warning C4244: 'argument': conversion from 'double' to 'int', possible loss of data
C:\Users\Ruca-WindowsX\Desktop\CG\tp1\Generator\Generator\Generator.cpp(322,27): warning C4244: 'argument': conversion from 'double' to 'float', possible loss of data
C:\Users\Ruca-WindowsX\Desktop\CG\tp1\Generator\Generator\Generator.cpp(322,12): warning C4244: 'argument': conversion from 'double' to 'float', possible loss of data
  Generating code
  Compiler version has changed, fall back to full compilation.
  All 159 functions were compiled because no usable IPDB/IOBJ from previous compilation was found.
  Finished generating code
  Generator.vcxproj -> C:\Users\Ruca-WindowsX\Desktop\CG\tp1\Generator\Release\Generator.exe
